#
# A fatal error has been detected by the Java Runtime Environment:
#
#  SIGSEGV (0xb) at pc=0x00007fcea7d6cb3b, pid=127498, tid=127499
#
# JRE version: OpenJDK Runtime Environment (11.0.17+8) (build 11.0.17+8-post-Ubuntu-1ubuntu220.04)
# Java VM: OpenJDK 64-Bit Server VM (11.0.17+8-post-Ubuntu-1ubuntu220.04, mixed mode, tiered, compressed oops, g1 gc, linux-amd64)
# Problematic frame:
# V  [libjvm.so+0x5b5b3b]
#
# Core dump will be written. Default location: Core dumps may be processed with "/usr/share/apport/apport -p%p -s%s -c%c -d%d -P%P -u%u -g%g -- %E" (or dumping to /home/aloui/Desktop/MVC1/core.127498)
#
# If you would like to submit a bug report, please visit:
#   https://bugs.launchpad.net/ubuntu/+source/openjdk-lts
#

---------------  S U M M A R Y ------------

Command Line: -Dapplication.home=/usr/lib/jvm/java-11-openjdk-amd64 --add-modules=ALL-DEFAULT -Xms8m -Djdk.module.main=jdk.compiler jdk.compiler/com.sun.tools.javac.Main Fenetre.java

Host: Intel(R) Core(TM) i3-10110U CPU @ 2.10GHz, 4 cores, 3G, Ubuntu 20.04.5 LTS
Time: Fri Apr  7 14:52:03 2023 CET elapsed time: 0.986950 seconds (0d 0h 0m 0s)

---------------  T H R E A D  ---------------

Current thread (0x00007fcea0016000):  JavaThread "main" [_thread_in_vm, id=127499, stack(0x00007fcea736a000,0x00007fcea746b000)]

Stack: [0x00007fcea736a000,0x00007fcea746b000],  sp=0x00007fcea7462350,  free space=992k
Native frames: (J=compiled Java code, A=aot compiled Java code, j=interpreted, Vv=VM code, C=native code)
V  [libjvm.so+0x5b5b3b]
V  [libjvm.so+0x5b76d0]
V  [libjvm.so+0x5bc8a2]
V  [libjvm.so+0x5bd4a9]
V  [libjvm.so+0xa29629]
V  [libjvm.so+0x5c273e]
V  [libjvm.so+0xdf790d]
V  [libjvm.so+0xdf644a]
V  [libjvm.so+0xdf8a4b]
V  [libjvm.so+0x67252e]
V  [libjvm.so+0x8663a4]
j  java.lang.invoke.VarHandle.<clinit>()V+45 java.base@11.0.17
v  ~StubRoutines::call_stub
V  [libjvm.so+0x86f0b4]
V  [libjvm.so+0x84b466]
V  [libjvm.so+0x84b860]
V  [libjvm.so+0x84b736]
V  [libjvm.so+0x84b736]
V  [libjvm.so+0x866771]
j  java.lang.invoke.VarHandles.makeFieldHandle(Ljava/lang/invoke/MemberName;Ljava/lang/Class;Ljava/lang/Class;Z)Ljava/lang/invoke/VarHandle;+256 java.base@11.0.17
j  java.lang.invoke.MethodHandles$Lookup.getFieldVarHandleCommon(BBLjava/lang/Class;Ljava/lang/invoke/MemberName;Ljava/lang/invoke/MemberName;Z)Ljava/lang/invoke/VarHandle;+261 java.base@11.0.17
j  java.lang.invoke.MethodHandles$Lookup.getFieldVarHandle(BBLjava/lang/Class;Ljava/lang/invoke/MemberName;Ljava/lang/invoke/MemberName;)Ljava/lang/invoke/VarHandle;+12 java.base@11.0.17
j  java.lang.invoke.MethodHandles$Lookup.findVarHandle(Ljava/lang/Class;Ljava/lang/String;Ljava/lang/Class;)Ljava/lang/invoke/VarHandle;+28 java.base@11.0.17
j  java.util.concurrent.atomic.AtomicBoolean.<clinit>()V+12 java.base@11.0.17
v  ~StubRoutines::call_stub
V  [libjvm.so+0x86f0b4]
V  [libjvm.so+0x84b466]
V  [libjvm.so+0x84b860]
V  [libjvm.so+0x866771]
j  java.io.RandomAccessFile.<init>(Ljava/io/File;Ljava/lang/String;Z)V+5 java.base@11.0.17
j  java.io.RandomAccessFile.<init>(Ljava/io/File;Ljava/lang/String;)V+4 java.base@11.0.17
j  java.util.zip.ZipFile$Source.<init>(Ljava/util/zip/ZipFile$Source$Key;ZLjava/util/zip/ZipCoder;)V+89 java.base@11.0.17
j  java.util.zip.ZipFile$Source.get(Ljava/io/File;ZLjava/util/zip/ZipCoder;)Ljava/util/zip/ZipFile$Source;+99 java.base@11.0.17
j  java.util.zip.ZipFile$CleanableResource.<init>(Ljava/util/zip/ZipFile;Ljava/io/File;I)V+58 java.base@11.0.17
j  java.util.zip.ZipFile$CleanableResource.get(Ljava/util/zip/ZipFile;Ljava/io/File;I)Ljava/util/zip/ZipFile$CleanableResource;+66 java.base@11.0.17
j  java.util.zip.ZipFile.<init>(Ljava/io/File;ILjava/nio/charset/Charset;)V+123 java.base@11.0.17
j  java.util.zip.ZipFile.<init>(Ljava/io/File;I)V+6 java.base@11.0.17
j  java.util.jar.JarFile.<init>(Ljava/io/File;ZILjava/lang/Runtime$Version;)V+3 java.base@11.0.17
j  jdk.internal.loader.URLClassPath$JarLoader.getJarFile(Ljava/net/URL;)Ljava/util/jar/JarFile;+56 java.base@11.0.17
j  jdk.internal.loader.URLClassPath$JarLoader$1.run()Ljava/lang/Void;+55 java.base@11.0.17
j  jdk.internal.loader.URLClassPath$JarLoader$1.run()Ljava/lang/Object;+1 java.base@11.0.17
v  ~StubRoutines::call_stub
V  [libjvm.so+0x86f0b4]
V  [libjvm.so+0x9269f8]  JVM_DoPrivileged+0x518
j  java.security.AccessController.doPrivileged(Ljava/security/PrivilegedExceptionAction;Ljava/security/AccessControlContext;)Ljava/lang/Object;+0 java.base@11.0.17
j  jdk.internal.loader.URLClassPath$JarLoader.ensureOpen()V+19 java.base@11.0.17
j  jdk.internal.loader.URLClassPath$JarLoader.<init>(Ljava/net/URL;Ljava/net/URLStreamHandler;Ljava/util/HashMap;Ljava/security/AccessControlContext;)V+63 java.base@11.0.17
j  jdk.internal.loader.URLClassPath$3.run()Ljdk/internal/loader/URLClassPath$Loader;+168 java.base@11.0.17
j  jdk.internal.loader.URLClassPath$3.run()Ljava/lang/Object;+1 java.base@11.0.17
v  ~StubRoutines::call_stub
V  [libjvm.so+0x86f0b4]
V  [libjvm.so+0x9269f8]  JVM_DoPrivileged+0x518
j  java.security.AccessController.doPrivileged(Ljava/security/PrivilegedExceptionAction;Ljava/security/AccessControlContext;)Ljava/lang/Object;+0 java.base@11.0.17
j  jdk.internal.loader.URLClassPath.getLoader(Ljava/net/URL;)Ljdk/internal/loader/URLClassPath$Loader;+13 java.base@11.0.17
j  jdk.internal.loader.URLClassPath.getLoader(I)Ljdk/internal/loader/URLClassPath$Loader;+81 java.base@11.0.17
j  jdk.internal.loader.URLClassPath.findResource(Ljava/lang/String;Z)Ljava/net/URL;+6 java.base@11.0.17
j  jdk.internal.loader.BuiltinClassLoader.findResourceOnClassPath(Ljava/lang/String;)Ljava/net/URL;+19 java.base@11.0.17
j  jdk.internal.loader.BuiltinClassLoader.findResource(Ljava/lang/String;)Ljava/net/URL;+143 java.base@11.0.17
j  jdk.internal.loader.BootLoader.findResource(Ljava/lang/String;)Ljava/net/URL;+4 java.base@11.0.17
j  java.lang.ClassLoader.getResource(Ljava/lang/String;)Ljava/net/URL;+25 java.base@11.0.17
j  java.lang.ClassLoader.getResource(Ljava/lang/String;)Ljava/net/URL;+17 java.base@11.0.17
j  java.lang.ClassLoader.getResourceAsStream(Ljava/lang/String;)Ljava/io/InputStream;+7 java.base@11.0.17
j  java.util.ResourceBundle$ResourceBundleProviderHelper.lambda$loadPropertyResourceBundle$2(Ljava/lang/String;Ljava/lang/Module;Ljava/lang/Module;)Ljava/io/InputStream;+141 java.base@11.0.17
j  java.util.ResourceBundle$ResourceBundleProviderHelper$$Lambda$24.run()Ljava/lang/Object;+12 java.base@11.0.17
v  ~StubRoutines::call_stub
V  [libjvm.so+0x86f0b4]
V  [libjvm.so+0x9269f8]  JVM_DoPrivileged+0x518
j  java.security.AccessController.doPrivileged(Ljava/security/PrivilegedAction;)Ljava/lang/Object;+0 java.base@11.0.17
j  java.util.ResourceBundle$ResourceBundleProviderHelper.loadPropertyResourceBundle(Ljava/lang/Module;Ljava/lang/Module;Ljava/lang/String;Ljava/util/Locale;)Ljava/util/ResourceBundle;+23 java.base@11.0.17
j  java.util.ResourceBundle.loadBundle(Ljava/util/ResourceBundle$CacheKey;Ljava/util/List;Ljava/util/ResourceBundle$Control;Ljava/lang/Module;Ljava/lang/Module;)Ljava/util/ResourceBundle;+270 java.base@11.0.17
j  java.util.ResourceBundle.findBundle(Ljava/lang/Module;Ljava/lang/Module;Ljava/util/ResourceBundle$CacheKey;Ljava/util/List;Ljava/util/List;ILjava/util/ResourceBundle$Control;Ljava/util/ResourceBundle;)Ljava/util/ResourceBundle;+248 java.base@11.0.17
j  java.util.ResourceBundle.findBundle(Ljava/lang/Module;Ljava/lang/Module;Ljava/util/ResourceBundle$CacheKey;Ljava/util/List;Ljava/util/List;ILjava/util/ResourceBundle$Control;Ljava/util/ResourceBundle;)Ljava/util/ResourceBundle;+43 java.base@11.0.17
j  java.util.ResourceBundle.getBundleImpl(Ljava/lang/Module;Ljava/lang/Module;Ljava/lang/String;Ljava/util/Locale;Ljava/util/ResourceBundle$Control;)Ljava/util/ResourceBundle;+196 java.base@11.0.17
j  java.util.ResourceBundle.getBundleImpl(Ljava/lang/String;Ljava/util/Locale;Ljava/lang/Class;Ljava/lang/ClassLoader;Ljava/util/ResourceBundle$Control;)Ljava/util/ResourceBundle;+45 java.base@11.0.17
j  java.util.ResourceBundle.getBundleImpl(Ljava/lang/String;Ljava/util/Locale;Ljava/lang/Class;Ljava/util/ResourceBundle$Control;)Ljava/util/ResourceBundle;+8 java.base@11.0.17
j  java.util.ResourceBundle.getBundle(Ljava/lang/String;Ljava/util/Locale;)Ljava/util/ResourceBundle;+12 java.base@11.0.17
j  com.sun.tools.javac.util.JavacMessages.lambda$add$0(Ljava/lang/String;Ljava/util/Locale;)Ljava/util/ResourceBundle;+2 jdk.compiler@11.0.17
j  com.sun.tools.javac.util.JavacMessages$$Lambda$20.getResourceBundle(Ljava/util/Locale;)Ljava/util/ResourceBundle;+5 jdk.compiler@11.0.17
j  com.sun.tools.javac.util.JavacMessages.getBundles(Ljava/util/Locale;)Lcom/sun/tools/javac/util/List;+92 jdk.compiler@11.0.17
j  com.sun.tools.javac.util.JavacMessages.setCurrentLocale(Ljava/util/Locale;)V+11 jdk.compiler@11.0.17
j  com.sun.tools.javac.util.JavacMessages.<init>(Ljava/lang/String;Ljava/util/Locale;)V+29 jdk.compiler@11.0.17
j  com.sun.tools.javac.util.JavacMessages.<init>(Lcom/sun/tools/javac/util/Context;)V+12 jdk.compiler@11.0.17
j  com.sun.tools.javac.util.JavacMessages.instance(Lcom/sun/tools/javac/util/Context;)Lcom/sun/tools/javac/util/JavacMessages;+20 jdk.compiler@11.0.17
j  com.sun.tools.javac.util.JCDiagnostic$Factory.<init>(Lcom/sun/tools/javac/util/Context;)V+2 jdk.compiler@11.0.17
j  com.sun.tools.javac.util.JCDiagnostic$Factory.instance(Lcom/sun/tools/javac/util/Context;)Lcom/sun/tools/javac/util/JCDiagnostic$Factory;+20 jdk.compiler@11.0.17
j  com.sun.tools.javac.util.Log.<init>(Lcom/sun/tools/javac/util/Context;Ljava/util/Map;)V+2 jdk.compiler@11.0.17
j  com.sun.tools.javac.util.Log.<init>(Lcom/sun/tools/javac/util/Context;)V+6 jdk.compiler@11.0.17
j  com.sun.tools.javac.util.Log.instance(Lcom/sun/tools/javac/util/Context;)Lcom/sun/tools/javac/util/Log;+20 jdk.compiler@11.0.17
j  com.sun.tools.javac.main.Main.compile([Ljava/lang/String;Lcom/sun/tools/javac/util/Context;)Lcom/sun/tools/javac/main/Main$Result;+38 jdk.compiler@11.0.17
j  com.sun.tools.javac.main.Main.compile([Ljava/lang/String;)Lcom/sun/tools/javac/main/Main$Result;+15 jdk.compiler@11.0.17
j  com.sun.tools.javac.Main.compile([Ljava/lang/String;)I+12 jdk.compiler@11.0.17
j  com.sun.tools.javac.Main.main([Ljava/lang/String;)V+1 jdk.compiler@11.0.17
v  ~StubRoutines::call_stub
V  [libjvm.so+0x86f0b4]
V  [libjvm.so+0x8eb01d]
V  [libjvm.so+0x8ed730]
C  [libjli.so+0x5a6a]
C  [libjli.so+0x9cdd]

Java frames: (J=compiled Java code, j=interpreted, Vv=VM code)
j  java.lang.invoke.VarHandle.<clinit>()V+45 java.base@11.0.17
v  ~StubRoutines::call_stub
j  java.lang.invoke.VarHandles.makeFieldHandle(Ljava/lang/invoke/MemberName;Ljava/lang/Class;Ljava/lang/Class;Z)Ljava/lang/invoke/VarHandle;+256 java.base@11.0.17
j  java.lang.invoke.MethodHandles$Lookup.getFieldVarHandleCommon(BBLjava/lang/Class;Ljava/lang/invoke/MemberName;Ljava/lang/invoke/MemberName;Z)Ljava/lang/invoke/VarHandle;+261 java.base@11.0.17
j  java.lang.invoke.MethodHandles$Lookup.getFieldVarHandle(BBLjava/lang/Class;Ljava/lang/invoke/MemberName;Ljava/lang/invoke/MemberName;)Ljava/lang/invoke/VarHandle;+12 java.base@11.0.17
j  java.lang.invoke.MethodHandles$Lookup.findVarHandle(Ljava/lang/Class;Ljava/lang/String;Ljava/lang/Class;)Ljava/lang/invoke/VarHandle;+28 java.base@11.0.17
j  java.util.concurrent.atomic.AtomicBoolean.<clinit>()V+12 java.base@11.0.17
v  ~StubRoutines::call_stub
j  java.io.RandomAccessFile.<init>(Ljava/io/File;Ljava/lang/String;Z)V+5 java.base@11.0.17
j  java.io.RandomAccessFile.<init>(Ljava/io/File;Ljava/lang/String;)V+4 java.base@11.0.17
j  java.util.zip.ZipFile$Source.<init>(Ljava/util/zip/ZipFile$Source$Key;ZLjava/util/zip/ZipCoder;)V+89 java.base@11.0.17
j  java.util.zip.ZipFile$Source.get(Ljava/io/File;ZLjava/util/zip/ZipCoder;)Ljava/util/zip/ZipFile$Source;+99 java.base@11.0.17
j  java.util.zip.ZipFile$CleanableResource.<init>(Ljava/util/zip/ZipFile;Ljava/io/File;I)V+58 java.base@11.0.17
j  java.util.zip.ZipFile$CleanableResource.get(Ljava/util/zip/ZipFile;Ljava/io/File;I)Ljava/util/zip/ZipFile$CleanableResource;+66 java.base@11.0.17
j  java.util.zip.ZipFile.<init>(Ljava/io/File;ILjava/nio/charset/Charset;)V+123 java.base@11.0.17
j  java.util.zip.ZipFile.<init>(Ljava/io/File;I)V+6 java.base@11.0.17
j  java.util.jar.JarFile.<init>(Ljava/io/File;ZILjava/lang/Runtime$Version;)V+3 java.base@11.0.17
j  jdk.internal.loader.URLClassPath$JarLoader.getJarFile(Ljava/net/URL;)Ljava/util/jar/JarFile;+56 java.base@11.0.17
j  jdk.internal.loader.URLClassPath$JarLoader$1.run()Ljava/lang/Void;+55 java.base@11.0.17
j  jdk.internal.loader.URLClassPath$JarLoader$1.run()Ljava/lang/Object;+1 java.base@11.0.17
v  ~StubRoutines::call_stub
j  java.security.AccessController.doPrivileged(Ljava/security/PrivilegedExceptionAction;Ljava/security/AccessControlContext;)Ljava/lang/Object;+0 java.base@11.0.17
j  jdk.internal.loader.URLClassPath$JarLoader.ensureOpen()V+19 java.base@11.0.17
j  jdk.internal.loader.URLClassPath$JarLoader.<init>(Ljava/net/URL;Ljava/net/URLStreamHandler;Ljava/util/HashMap;Ljava/security/AccessControlContext;)V+63 java.base@11.0.17
j  jdk.internal.loader.URLClassPath$3.run()Ljdk/internal/loader/URLClassPath$Loader;+168 java.base@11.0.17
j  jdk.internal.loader.URLClassPath$3.run()Ljava/lang/Object;+1 java.base@11.0.17
v  ~StubRoutines::call_stub
j  java.security.AccessController.doPrivileged(Ljava/security/PrivilegedExceptionAction;Ljava/security/AccessControlContext;)Ljava/lang/Object;+0 java.base@11.0.17
j  jdk.internal.loader.URLClassPath.getLoader(Ljava/net/URL;)Ljdk/internal/loader/URLClassPath$Loader;+13 java.base@11.0.17
j  jdk.internal.loader.URLClassPath.getLoader(I)Ljdk/internal/loader/URLClassPath$Loader;+81 java.base@11.0.17
j  jdk.internal.loader.URLClassPath.findResource(Ljava/lang/String;Z)Ljava/net/URL;+6 java.base@11.0.17
j  jdk.internal.loader.BuiltinClassLoader.findResourceOnClassPath(Ljava/lang/String;)Ljava/net/URL;+19 java.base@11.0.17
j  jdk.internal.loader.BuiltinClassLoader.findResource(Ljava/lang/String;)Ljava/net/URL;+143 java.base@11.0.17
j  jdk.internal.loader.BootLoader.findResource(Ljava/lang/String;)Ljava/net/URL;+4 java.base@11.0.17
j  java.lang.ClassLoader.getResource(Ljava/lang/String;)Ljava/net/URL;+25 java.base@11.0.17
j  java.lang.ClassLoader.getResource(Ljava/lang/String;)Ljava/net/URL;+17 java.base@11.0.17
j  java.lang.ClassLoader.getResourceAsStream(Ljava/lang/String;)Ljava/io/InputStream;+7 java.base@11.0.17
j  java.util.ResourceBundle$ResourceBundleProviderHelper.lambda$loadPropertyResourceBundle$2(Ljava/lang/String;Ljava/lang/Module;Ljava/lang/Module;)Ljava/io/InputStream;+141 java.base@11.0.17
j  java.util.ResourceBundle$ResourceBundleProviderHelper$$Lambda$24.run()Ljava/lang/Object;+12 java.base@11.0.17
v  ~StubRoutines::call_stub
j  java.security.AccessController.doPrivileged(Ljava/security/PrivilegedAction;)Ljava/lang/Object;+0 java.base@11.0.17
j  java.util.ResourceBundle$ResourceBundleProviderHelper.loadPropertyResourceBundle(Ljava/lang/Module;Ljava/lang/Module;Ljava/lang/String;Ljava/util/Locale;)Ljava/util/ResourceBundle;+23 java.base@11.0.17
j  java.util.ResourceBundle.loadBundle(Ljava/util/ResourceBundle$CacheKey;Ljava/util/List;Ljava/util/ResourceBundle$Control;Ljava/lang/Module;Ljava/lang/Module;)Ljava/util/ResourceBundle;+270 java.base@11.0.17
j  java.util.ResourceBundle.findBundle(Ljava/lang/Module;Ljava/lang/Module;Ljava/util/ResourceBundle$CacheKey;Ljava/util/List;Ljava/util/List;ILjava/util/ResourceBundle$Control;Ljava/util/ResourceBundle;)Ljava/util/ResourceBundle;+248 java.base@11.0.17
j  java.util.ResourceBundle.findBundle(Ljava/lang/Module;Ljava/lang/Module;Ljava/util/ResourceBundle$CacheKey;Ljava/util/List;Ljava/util/List;ILjava/util/ResourceBundle$Control;Ljava/util/ResourceBundle;)Ljava/util/ResourceBundle;+43 java.base@11.0.17
j  java.util.ResourceBundle.getBundleImpl(Ljava/lang/Module;Ljava/lang/Module;Ljava/lang/String;Ljava/util/Locale;Ljava/util/ResourceBundle$Control;)Ljava/util/ResourceBundle;+196 java.base@11.0.17
j  java.util.ResourceBundle.getBundleImpl(Ljava/lang/String;Ljava/util/Locale;Ljava/lang/Class;Ljava/lang/ClassLoader;Ljava/util/ResourceBundle$Control;)Ljava/util/ResourceBundle;+45 java.base@11.0.17
j  java.util.ResourceBundle.getBundleImpl(Ljava/lang/String;Ljava/util/Locale;Ljava/lang/Class;Ljava/util/ResourceBundle$Control;)Ljava/util/ResourceBundle;+8 java.base@11.0.17
j  java.util.ResourceBundle.getBundle(Ljava/lang/String;Ljava/util/Locale;)Ljava/util/ResourceBundle;+12 java.base@11.0.17
j  com.sun.tools.javac.util.JavacMessages.lambda$add$0(Ljava/lang/String;Ljava/util/Locale;)Ljava/util/ResourceBundle;+2 jdk.compiler@11.0.17
j  com.sun.tools.javac.util.JavacMessages$$Lambda$20.getResourceBundle(Ljava/util/Locale;)Ljava/util/ResourceBundle;+5 jdk.compiler@11.0.17
j  com.sun.tools.javac.util.JavacMessages.getBundles(Ljava/util/Locale;)Lcom/sun/tools/javac/util/List;+92 jdk.compiler@11.0.17
j  com.sun.tools.javac.util.JavacMessages.setCurrentLocale(Ljava/util/Locale;)V+11 jdk.compiler@11.0.17
j  com.sun.tools.javac.util.JavacMessages.<init>(Ljava/lang/String;Ljava/util/Locale;)V+29 jdk.compiler@11.0.17
j  com.sun.tools.javac.util.JavacMessages.<init>(Lcom/sun/tools/javac/util/Context;)V+12 jdk.compiler@11.0.17
j  com.sun.tools.javac.util.JavacMessages.instance(Lcom/sun/tools/javac/util/Context;)Lcom/sun/tools/javac/util/JavacMessages;+20 jdk.compiler@11.0.17
j  com.sun.tools.javac.util.JCDiagnostic$Factory.<init>(Lcom/sun/tools/javac/util/Context;)V+2 jdk.compiler@11.0.17
j  com.sun.tools.javac.util.JCDiagnostic$Factory.instance(Lcom/sun/tools/javac/util/Context;)Lcom/sun/tools/javac/util/JCDiagnostic$Factory;+20 jdk.compiler@11.0.17
j  com.sun.tools.javac.util.Log.<init>(Lcom/sun/tools/javac/util/Context;Ljava/util/Map;)V+2 jdk.compiler@11.0.17
j  com.sun.tools.javac.util.Log.<init>(Lcom/sun/tools/javac/util/Context;)V+6 jdk.compiler@11.0.17
j  com.sun.tools.javac.util.Log.instance(Lcom/sun/tools/javac/util/Context;)Lcom/sun/tools/javac/util/Log;+20 jdk.compiler@11.0.17
j  com.sun.tools.javac.main.Main.compile([Ljava/lang/String;Lcom/sun/tools/javac/util/Context;)Lcom/sun/tools/javac/main/Main$Result;+38 jdk.compiler@11.0.17
j  com.sun.tools.javac.main.Main.compile([Ljava/lang/String;)Lcom/sun/tools/javac/main/Main$Result;+15 jdk.compiler@11.0.17
j  com.sun.tools.javac.Main.compile([Ljava/lang/String;)I+12 jdk.compiler@11.0.17
j  com.sun.tools.javac.Main.main([Ljava/lang/String;)V+1 jdk.compiler@11.0.17
v  ~StubRoutines::call_stub

siginfo: si_signo: 11 (SIGSEGV), si_code: 2 (SEGV_ACCERR), si_addr: 0x00007fce79e469c0

Register to memory mapping:

RAX=0x00007fce79e36400 is pointing into metadata
RBX=0x00007fce5809e3d0 points into unknown readable memory: 0x00007fcea8929008 | 08 90 92 a8 ce 7f 00 00
RCX=0x0000000000000100 is an unknown value
RDX=0x00000000000000af is an unknown value
RSP=0x00007fcea7462350 is pointing into the stack for thread: 0x00007fcea0016000
RBP=0x00007fcea7462560 is pointing into the stack for thread: 0x00007fcea0016000
RSI=0x00007fcea8a6dde0: <offset 0x00000000012b6de0> in /usr/lib/jvm/java-11-openjdk-amd64/lib/server/libjvm.so at 0x00007fcea77b7000
RDI=0x00007fce79e36400 is pointing into metadata
R8 =0x0 is NULL
R9 =0x0 is NULL
R10=0x0 is NULL
R11=0x0 is NULL
R12=0x00007fcea7462870 is pointing into the stack for thread: 0x00007fcea0016000
R13=0x00000000000020b0 is an unknown value
R14=0x00007fcea0016000 is a thread
R15=0x00000000000020b0 is an unknown value


Registers:
RAX=0x00007fce79e36400, RBX=0x00007fce5809e3d0, RCX=0x0000000000000100, RDX=0x00000000000000af
RSP=0x00007fcea7462350, RBP=0x00007fcea7462560, RSI=0x00007fcea8a6dde0, RDI=0x00007fce79e36400
R8 =0x0000000000000000, R9 =0x0000000000000000, R10=0x0000000000000000, R11=0x0000000000000000
R12=0x00007fcea7462870, R13=0x00000000000020b0, R14=0x00007fcea0016000, R15=0x00000000000020b0
RIP=0x00007fcea7d6cb3b, EFLAGS=0x0000000000010246, CSGSFS=0x002b000000000033, ERR=0x0000000000000004
  TRAPNO=0x000000000000000e

Top of Stack: (sp=0x00007fcea7462350)
0x00007fcea7462350:   00007fcea7462370 0000000000000000
0x00007fcea7462360:   0000000000000000 0000000000000000
0x00007fcea7462370:   0000000000000000 0000000000000000
0x00007fcea7462380:   0000000000000000 0000000000000000 

Instructions: (pc=0x00007fcea7d6cb3b)
0x00007fcea7d6ca3b:   00 c6 85 6d fe ff ff 00 c7 85 88 fe ff ff ff ff
0x00007fcea7d6ca4b:   ff ff 66 89 8d 90 fe ff ff 66 89 b5 04 ff ff ff
0x00007fcea7d6ca5b:   48 8b 73 10 c6 85 e8 fe ff ff 00 48 29 c6 66 89
0x00007fcea7d6ca6b:   bd 92 fe ff ff 66 44 89 85 e0 fe ff ff c7 85 a8
0x00007fcea7d6ca7b:   fe ff ff 00 00 00 00 66 44 89 8d 94 fe ff ff c7
0x00007fcea7d6ca8b:   85 20 ff ff ff 00 00 00 00 66 44 89 95 ac fe ff
0x00007fcea7d6ca9b:   ff 66 44 89 9d 6e fe ff ff 48 83 fe 05 0f 86 98
0x00007fcea7d6caab:   01 00 00 66 90 49 83 7e 08 00 0f 85 45 02 00 00
0x00007fcea7d6cabb:   48 8b 43 18 48 8d 50 02 44 0f b7 28 48 83 c0 06
0x00007fcea7d6cacb:   48 89 53 18 8b 50 fc 48 89 43 18 49 8b 7c 24 48
0x00007fcea7d6cadb:   66 41 c1 c5 08 0f ca 45 0f b7 fd 89 95 00 ff ff
0x00007fcea7d6caeb:   ff 44 3b 7f 34 7d 0c 44 89 fe e8 36 8b 0b 00 3c
0x00007fcea7d6cafb:   01 74 20 41 80 bc 24 a8 01 00 00 00 74 15 4c 89
0x00007fcea7d6cb0b:   f1 44 89 fa 48 8d 35 62 db 97 00 4c 89 e7 e8 f2
0x00007fcea7d6cb1b:   32 ff ff 49 83 7e 08 00 0f 85 d7 01 00 00 48 8b
0x00007fcea7d6cb2b:   85 30 ff ff ff 48 8d 35 a9 12 d0 00 45 0f b7 ed
0x00007fcea7d6cb3b:   4a 8b 44 e8 40 48 39 86 d8 02 00 00 0f 84 63 02
0x00007fcea7d6cb4b:   00 00 48 3b 86 e0 02 00 00 0f 84 36 08 00 00 48
0x00007fcea7d6cb5b:   3b 86 00 03 00 00 0f 84 31 09 00 00 48 3b 86 10
0x00007fcea7d6cb6b:   03 00 00 0f 84 4c 0a 00 00 48 3b 86 18 03 00 00
0x00007fcea7d6cb7b:   0f 84 6f 0c 00 00 66 41 83 bc 24 9c 01 00 00 30
0x00007fcea7d6cb8b:   76 6b 48 3b 86 28 03 00 00 0f 84 66 0e 00 00 48
0x00007fcea7d6cb9b:   3b 86 30 03 00 00 0f 84 e9 0e 00 00 48 3b 86 38
0x00007fcea7d6cbab:   03 00 00 0f 84 83 0f 00 00 48 3b 86 40 03 00 00
0x00007fcea7d6cbbb:   0f 84 e7 13 00 00 48 3b 86 48 03 00 00 0f 84 7a
0x00007fcea7d6cbcb:   14 00 00 48 3b 86 50 03 00 00 0f 84 38 16 00 00
0x00007fcea7d6cbdb:   48 3b 86 58 03 00 00 0f 84 f0 16 00 00 48 3b 86
0x00007fcea7d6cbeb:   60 03 00 00 0f 84 8b 16 00 00 0f 1f 00 8b b5 00
0x00007fcea7d6cbfb:   ff ff ff 4c 89 f2 48 89 df e8 07 80 00 00 49 83
0x00007fcea7d6cc0b:   7e 08 00 0f 85 ec 00 00 00 0f 1f 40 00 66 83 ad
0x00007fcea7d6cc1b:   f0 fe ff ff 01 0f b7 85 f0 fe ff ff 66 83 f8 ff
0x00007fcea7d6cc2b:   0f 84 5e 0f 00 00 48 8b 43 18 48 8b 73 10 48 29 


Stack slot to memory mapping:
stack at sp + 0 slots: 0x00007fcea7462370 is pointing into the stack for thread: 0x00007fcea0016000
stack at sp + 1 slots: 0x0 is NULL
stack at sp + 2 slots: 0x0 is NULL
stack at sp + 3 slots: 0x0 is NULL
stack at sp + 4 slots: 0x0 is NULL
stack at sp + 5 slots: 0x0 is NULL
stack at sp + 6 slots: 0x0 is NULL
stack at sp + 7 slots: 0x0 is NULL


---------------  P R O C E S S  ---------------

Threads class SMR info:
_java_thread_list=0x00007fcea014d9c0, length=9, elements={
0x00007fcea0016000, 0x00007fcea00cc800, 0x00007fcea00d0800, 0x00007fcea00e6800,
0x00007fcea00e8800, 0x00007fcea00ea800, 0x00007fcea00ed000, 0x00007fcea00ef000,
0x00007fcea014c800
}

Java Threads: ( => current thread )
=>0x00007fcea0016000 JavaThread "main" [_thread_in_vm, id=127499, stack(0x00007fcea736a000,0x00007fcea746b000)]
  0x00007fcea00cc800 JavaThread "Reference Handler" daemon [_thread_blocked, id=127506, stack(0x00007fce88579000,0x00007fce8867a000)]
  0x00007fcea00d0800 JavaThread "Finalizer" daemon [_thread_blocked, id=127507, stack(0x00007fce88478000,0x00007fce88579000)]
  0x00007fcea00e6800 JavaThread "Signal Dispatcher" daemon [_thread_blocked, id=127508, stack(0x00007fce88377000,0x00007fce88478000)]
  0x00007fcea00e8800 JavaThread "Service Thread" daemon [_thread_blocked, id=127509, stack(0x00007fce88276000,0x00007fce88377000)]
  0x00007fcea00ea800 JavaThread "C2 CompilerThread0" daemon [_thread_blocked, id=127510, stack(0x00007fce88175000,0x00007fce88276000)]
  0x00007fcea00ed000 JavaThread "C1 CompilerThread0" daemon [_thread_blocked, id=127511, stack(0x00007fce88074000,0x00007fce88175000)]
  0x00007fcea00ef000 JavaThread "Sweeper thread" daemon [_thread_blocked, id=127512, stack(0x00007fce7918e000,0x00007fce7928f000)]
  0x00007fcea014c800 JavaThread "Common-Cleaner" daemon [_thread_blocked, id=127514, stack(0x00007fce7908d000,0x00007fce7918e000)]

Other Threads:
  0x00007fcea00c4800 VMThread "VM Thread" [stack: 0x00007fce8867c000,0x00007fce8877c000] [id=127505]
  0x00007fcea01a0000 WatcherThread [stack: 0x00007fce78f8d000,0x00007fce7908d000] [id=127516]
  0x00007fcea002e000 GCTaskThread "GC Thread#0" [stack: 0x00007fcea701d000,0x00007fcea711d000] [id=127500]
  0x00007fcea0048800 ConcurrentGCThread "G1 Main Marker" [stack: 0x00007fcea4802000,0x00007fcea4902000] [id=127501]
  0x00007fcea004a000 ConcurrentGCThread "G1 Conc#0" [stack: 0x00007fcea4700000,0x00007fcea4800000] [id=127502]
  0x00007fcea0063000 ConcurrentGCThread "G1 Refine#0" [stack: 0x00007fcea41fa000,0x00007fcea42fa000] [id=127503]
  0x00007fcea0064800 ConcurrentGCThread "G1 Young RemSet Sampling" [stack: 0x00007fcea40f8000,0x00007fcea41f8000] [id=127504]

Threads with active compile tasks:

VM state:not at safepoint (normal execution)

VM Mutex/Monitor currently owned by a thread: None

Heap address: 0x00000000c5200000, size: 942 MB, Compressed Oops mode: 32-bit
Narrow klass base: 0x0000000000000000, Narrow klass shift: 3
Compressed class space size: 1073741824 Address: 0x0000000100000000

Heap:
 garbage-first heap   total 8192K, used 1024K [0x00000000c5200000, 0x0000000100000000)
  region size 1024K, 2 young (2048K), 0 survivors (0K)
 Metaspace       used 6837K, capacity 7008K, committed 7168K, reserved 1056768K
  class space    used 610K, capacity 656K, committed 768K, reserved 1048576K
Heap Regions: E=young(eden), S=young(survivor), O=old, HS=humongous(starts), HC=humongous(continues), CS=collection set, F=free, A=archive, TAMS=top-at-mark-start (previous, next)
|   0|0x00000000c5200000, 0x00000000c5200000, 0x00000000c5300000|  0%| F|  |TAMS 0x00000000c5200000, 0x00000000c5200000| Untracked 
|   1|0x00000000c5300000, 0x00000000c5300000, 0x00000000c5400000|  0%| F|  |TAMS 0x00000000c5300000, 0x00000000c5300000| Untracked 
|   2|0x00000000c5400000, 0x00000000c5400000, 0x00000000c5500000|  0%| F|  |TAMS 0x00000000c5400000, 0x00000000c5400000| Untracked 
|   3|0x00000000c5500000, 0x00000000c5500000, 0x00000000c5600000|  0%| F|  |TAMS 0x00000000c5500000, 0x00000000c5500000| Untracked 
|   4|0x00000000c5600000, 0x00000000c5600000, 0x00000000c5700000|  0%| F|  |TAMS 0x00000000c5600000, 0x00000000c5600000| Untracked 
|   5|0x00000000c5700000, 0x00000000c5700000, 0x00000000c5800000|  0%| F|  |TAMS 0x00000000c5700000, 0x00000000c5700000| Untracked 
|   6|0x00000000c5800000, 0x00000000c58fc7d8, 0x00000000c5900000| 98%| E|  |TAMS 0x00000000c5800000, 0x00000000c5800000| Complete 
|   7|0x00000000c5900000, 0x00000000c5a00000, 0x00000000c5a00000|100%| E|CS|TAMS 0x00000000c5900000, 0x00000000c5900000| Complete 

Card table byte_map: [0x00007fcea6869000,0x00007fcea6a40000] _byte_map_base: 0x00007fcea6240000

Marking Bits (Prev, Next): (CMBitMap*) 0x00007fcea0043b08, (CMBitMap*) 0x00007fcea0043b40
 Prev Bits: [0x00007fcea57da000, 0x00007fcea6692000)
 Next Bits: [0x00007fcea4922000, 0x00007fcea57da000)

Polling page: 0x00007fcea8caf000

Metaspace:

Usage:
  Non-class:      6.20 MB capacity,     6.08 MB ( 98%) used,   119.27 KB (  2%) free+waste,     5.50 KB ( <1%) overhead. 
      Class:    656.00 KB capacity,   610.22 KB ( 93%) used,    42.97 KB (  7%) free+waste,     2.81 KB ( <1%) overhead. 
       Both:      6.84 MB capacity,     6.68 MB ( 98%) used,   162.24 KB (  2%) free+waste,     8.31 KB ( <1%) overhead. 

Virtual space:
  Non-class space:        8.00 MB reserved,       6.25 MB ( 78%) committed 
      Class space:        1.00 GB reserved,     768.00 KB ( <1%) committed 
             Both:        1.01 GB reserved,       7.00 MB ( <1%) committed 

Chunk freelists:
   Non-Class:  48.00 KB
       Class:  16.00 KB
        Both:  64.00 KB

MaxMetaspaceSize: unlimited
CompressedClassSpaceSize: 1.00 GB
Initial GC threshold: 20.80 MB
Current GC threshold: 20.80 MB
CDS: off

CodeHeap 'non-profiled nmethods': size=120032Kb used=76Kb max_used=76Kb free=119956Kb
 bounds [0x00007fce902c5000, 0x00007fce90535000, 0x00007fce977fd000]
CodeHeap 'profiled nmethods': size=120032Kb used=348Kb max_used=348Kb free=119684Kb
 bounds [0x00007fce88d8d000, 0x00007fce88ffd000, 0x00007fce902c5000]
CodeHeap 'non-nmethods': size=5696Kb used=1072Kb max_used=1083Kb free=4623Kb
 bounds [0x00007fce887fd000, 0x00007fce88a6d000, 0x00007fce88d8d000]
 total_blobs=588 nmethods=277 adapters=225
 compilation: enabled
              stopped_count=0, restarted_count=0
 full_count=0

Compilation events (20 events):
Event: 0.950 Thread 0x00007fcea00ed000  264       3       jdk.internal.org.objectweb.asm.Item::isEqualTo (354 bytes)
Event: 0.951 Thread 0x00007fcea00ed000 nmethod 264 0x00007fce88dde110 code [0x00007fce88dde380, 0x00007fce88ddee60]
Event: 0.951 Thread 0x00007fcea00ed000  265       3       java.lang.Class::getClassLoader (28 bytes)
Event: 0.952 Thread 0x00007fcea00ed000 nmethod 265 0x00007fce88ddf190 code [0x00007fce88ddf3c0, 0x00007fce88ddfc90]
Event: 0.954 Thread 0x00007fcea00ed000  266       1       sun.invoke.util.Wrapper::basicTypeChar (5 bytes)
Event: 0.954 Thread 0x00007fcea00ed000 nmethod 266 0x00007fce902d6990 code [0x00007fce902d6b40, 0x00007fce902d6bf0]
Event: 0.954 Thread 0x00007fcea00ed000  267       3       java.lang.String::replace (42 bytes)
Event: 0.954 Thread 0x00007fcea00ed000 nmethod 267 0x00007fce88ddff90 code [0x00007fce88de0160, 0x00007fce88de0470]
Event: 0.955 Thread 0x00007fcea00ed000  268       3       java.lang.invoke.MethodType::checkSlotCount (33 bytes)
Event: 0.955 Thread 0x00007fcea00ed000 nmethod 268 0x00007fce88de0590 code [0x00007fce88de0800, 0x00007fce88de1090]
Event: 0.958 Thread 0x00007fcea00ea800  272       4       java.util.concurrent.ConcurrentHashMap::casTabAt (21 bytes)
Event: 0.959 Thread 0x00007fcea00ea800 nmethod 272 0x00007fce902d7710 code [0x00007fce902d78a0, 0x00007fce902d79b8]
Event: 0.965 Thread 0x00007fcea00ed000  273       3       java.lang.Object::equals (11 bytes)
Event: 0.965 Thread 0x00007fcea00ed000 nmethod 273 0x00007fce88de1390 code [0x00007fce88de1540, 0x00007fce88de1690]
Event: 0.966 Thread 0x00007fcea00ed000  276   !   3       java.lang.invoke.MemberName::getMethodType (203 bytes)
Event: 0.967 Thread 0x00007fcea00ed000 nmethod 276 0x00007fce88de1710 code [0x00007fce88de1a00, 0x00007fce88de2f10]
Event: 0.967 Thread 0x00007fcea00ed000  277       3       java.lang.invoke.MethodType::equals (29 bytes)
Event: 0.968 Thread 0x00007fcea00ed000 nmethod 277 0x00007fce88de3490 code [0x00007fce88de3680, 0x00007fce88de3b40]
Event: 0.968 Thread 0x00007fcea00ed000  278       3       java.lang.Character::charCount (12 bytes)
Event: 0.969 Thread 0x00007fcea00ed000 nmethod 278 0x00007fce88de3c90 code [0x00007fce88de3e40, 0x00007fce88de3f70]

GC Heap History (0 events):
No events

Deoptimization events (4 events):
Event: 0.973 Thread 0x00007fcea0016000 Uncommon trap: trap_request=0xffffff4d fr.pc=0x00007fce902d4200 relative=0x0000000000000060
Event: 0.973 Thread 0x00007fcea0016000 Uncommon trap: reason=unstable_if action=reinterpret pc=0x00007fce902d4200 method=java.nio.Buffer.hasRemaining()Z @ 8 c2
Event: 0.973 Thread 0x00007fcea0016000 DEOPT PACKING pc=0x00007fce902d4200 sp=0x00007fcea7463c30
Event: 0.973 Thread 0x00007fcea0016000 DEOPT UNPACKING pc=0x00007fce88846ea5 sp=0x00007fcea7463be8 mode 2

Classes redefined (0 events):
No events

Internal exceptions (0 events):
No events

Events (20 events):
Event: 0.976 loading class java/io/DataInput
Event: 0.976 loading class java/io/DataInput done
Event: 0.976 loading class java/io/RandomAccessFile done
Event: 0.976 loading class java/io/RandomAccessFile$2
Event: 0.976 loading class jdk/internal/misc/JavaIORandomAccessFileAccess
Event: 0.976 loading class jdk/internal/misc/JavaIORandomAccessFileAccess done
Event: 0.976 loading class java/io/RandomAccessFile$2 done
Event: 0.976 loading class java/util/concurrent/atomic/AtomicBoolean
Event: 0.976 loading class java/util/concurrent/atomic/AtomicBoolean done
Event: 0.976 loading class java/lang/invoke/VarHandles
Event: 0.976 loading class java/lang/invoke/VarHandles done
Event: 0.976 loading class java/lang/invoke/VarHandleInts$FieldInstanceReadWrite
Event: 0.976 loading class java/lang/invoke/VarHandleInts$FieldInstanceReadOnly
Event: 0.976 loading class java/lang/invoke/VarHandleInts$FieldInstanceReadOnly done
Event: 0.976 loading class java/lang/invoke/VarHandleInts$FieldInstanceReadWrite done
Event: 0.976 loading class java/lang/invoke/VarHandle$1
Event: 0.977 loading class java/lang/invoke/VarHandle$1 done
Event: 0.977 loading class jdk/internal/util/Preconditions$1
Event: 0.977 loading class jdk/internal/util/Preconditions$1 done
Event: 0.977 loading class java/lang/invoke/VarHandleGuards


Dynamic libraries:
c5200000-c5a00000 rw-p 00000000 00:00 0 
c5a00000-100000000 ---p 00000000 00:00 0 
100000000-1000c0000 rw-p 00000000 00:00 0 
1000c0000-140000000 ---p 00000000 00:00 0 
55f26837f000-55f268380000 r--p 00000000 08:04 8935825                    /usr/lib/jvm/java-11-openjdk-amd64/bin/javac
55f268380000-55f268381000 r-xp 00001000 08:04 8935825                    /usr/lib/jvm/java-11-openjdk-amd64/bin/javac
55f268381000-55f268382000 r--p 00002000 08:04 8935825                    /usr/lib/jvm/java-11-openjdk-amd64/bin/javac
55f268382000-55f268383000 r--p 00002000 08:04 8935825                    /usr/lib/jvm/java-11-openjdk-amd64/bin/javac
55f268383000-55f268384000 rw-p 00003000 08:04 8935825                    /usr/lib/jvm/java-11-openjdk-amd64/bin/javac
55f26951f000-55f269540000 rw-p 00000000 00:00 0                          [heap]
7fce44000000-7fce44021000 rw-p 00000000 00:00 0 
7fce44021000-7fce48000000 ---p 00000000 00:00 0 
7fce4c000000-7fce4c021000 rw-p 00000000 00:00 0 
7fce4c021000-7fce50000000 ---p 00000000 00:00 0 
7fce50000000-7fce50021000 rw-p 00000000 00:00 0 
7fce50021000-7fce54000000 ---p 00000000 00:00 0 
7fce54000000-7fce541a4000 rw-p 00000000 00:00 0 
7fce541a4000-7fce58000000 ---p 00000000 00:00 0 
7fce58000000-7fce580e4000 rw-p 00000000 00:00 0 
7fce580e4000-7fce5c000000 ---p 00000000 00:00 0 
7fce5c000000-7fce5c021000 rw-p 00000000 00:00 0 
7fce5c021000-7fce60000000 ---p 00000000 00:00 0 
7fce60000000-7fce60021000 rw-p 00000000 00:00 0 
7fce60021000-7fce64000000 ---p 00000000 00:00 0 
7fce64000000-7fce64021000 rw-p 00000000 00:00 0 
7fce64021000-7fce68000000 ---p 00000000 00:00 0 
7fce68000000-7fce68021000 rw-p 00000000 00:00 0 
7fce68021000-7fce6c000000 ---p 00000000 00:00 0 
7fce6c000000-7fce6c021000 rw-p 00000000 00:00 0 
7fce6c021000-7fce70000000 ---p 00000000 00:00 0 
7fce70000000-7fce70021000 rw-p 00000000 00:00 0 
7fce70021000-7fce74000000 ---p 00000000 00:00 0 
7fce74000000-7fce74021000 rw-p 00000000 00:00 0 
7fce74021000-7fce78000000 ---p 00000000 00:00 0 
7fce78f8b000-7fce78f8c000 ---p 00000000 00:00 0 
7fce78f8c000-7fce7908d000 rw-p 00000000 00:00 0 
7fce7908d000-7fce79091000 ---p 00000000 00:00 0 
7fce79091000-7fce7918e000 rw-p 00000000 00:00 0 
7fce7918e000-7fce79192000 ---p 00000000 00:00 0 
7fce79192000-7fce7928f000 rw-p 00000000 00:00 0 
7fce7928f000-7fce79800000 r--p 00000000 08:04 8913697                    /usr/lib/locale/locale-archive
7fce79800000-7fce79e40000 rw-p 00000000 00:00 0 
7fce79e40000-7fce7a000000 ---p 00000000 00:00 0 
7fce7a000000-7fce7c000000 rw-p 00000000 00:00 0 
7fce7c000000-7fce7c021000 rw-p 00000000 00:00 0 
7fce7c021000-7fce80000000 ---p 00000000 00:00 0 
7fce80000000-7fce80021000 rw-p 00000000 00:00 0 
7fce80021000-7fce84000000 ---p 00000000 00:00 0 
7fce84000000-7fce84021000 rw-p 00000000 00:00 0 
7fce84021000-7fce88000000 ---p 00000000 00:00 0 
7fce8806d000-7fce88074000 r--s 00000000 08:04 9573297                    /usr/lib/x86_64-linux-gnu/gconv/gconv-modules.cache
7fce88074000-7fce88078000 ---p 00000000 00:00 0 
7fce88078000-7fce88175000 rw-p 00000000 00:00 0 
7fce88175000-7fce88179000 ---p 00000000 00:00 0 
7fce88179000-7fce88276000 rw-p 00000000 00:00 0 
7fce88276000-7fce8827a000 ---p 00000000 00:00 0 
7fce8827a000-7fce88377000 rw-p 00000000 00:00 0 
7fce88377000-7fce8837b000 ---p 00000000 00:00 0 
7fce8837b000-7fce88478000 rw-p 00000000 00:00 0 
7fce88478000-7fce8847c000 ---p 00000000 00:00 0 
7fce8847c000-7fce88579000 rw-p 00000000 00:00 0 
7fce88579000-7fce8857d000 ---p 00000000 00:00 0 
7fce8857d000-7fce8867a000 rw-p 00000000 00:00 0 
7fce8867a000-7fce8867b000 ---p 00000000 00:00 0 
7fce8867b000-7fce887fd000 rw-p 00000000 00:00 0 
7fce887fd000-7fce88a6d000 rwxp 00000000 00:00 0 
7fce88a6d000-7fce88d8d000 ---p 00000000 00:00 0 
7fce88d8d000-7fce88ffd000 rwxp 00000000 00:00 0 
7fce88ffd000-7fce902c5000 ---p 00000000 00:00 0 
7fce902c5000-7fce90535000 rwxp 00000000 00:00 0 
7fce90535000-7fce977fd000 ---p 00000000 00:00 0 
7fce977fd000-7fcea0000000 r--s 00000000 08:04 8934542                    /usr/lib/jvm/java-11-openjdk-amd64/lib/modules
7fcea0000000-7fcea026e000 rw-p 00000000 00:00 0 
7fcea026e000-7fcea4000000 ---p 00000000 00:00 0 
7fcea4005000-7fcea4009000 r--p 00000000 08:04 8934531                    /usr/lib/jvm/java-11-openjdk-amd64/lib/libnet.so
7fcea4009000-7fcea4017000 r-xp 00004000 08:04 8934531                    /usr/lib/jvm/java-11-openjdk-amd64/lib/libnet.so
7fcea4017000-7fcea401b000 r--p 00012000 08:04 8934531                    /usr/lib/jvm/java-11-openjdk-amd64/lib/libnet.so
7fcea401b000-7fcea401c000 r--p 00015000 08:04 8934531                    /usr/lib/jvm/java-11-openjdk-amd64/lib/libnet.so
7fcea401c000-7fcea401d000 rw-p 00016000 08:04 8934531                    /usr/lib/jvm/java-11-openjdk-amd64/lib/libnet.so
7fcea401d000-7fcea4024000 r--p 00000000 08:04 8934532                    /usr/lib/jvm/java-11-openjdk-amd64/lib/libnio.so
7fcea4024000-7fcea402c000 r-xp 00007000 08:04 8934532                    /usr/lib/jvm/java-11-openjdk-amd64/lib/libnio.so
7fcea402c000-7fcea402f000 r--p 0000f000 08:04 8934532                    /usr/lib/jvm/java-11-openjdk-amd64/lib/libnio.so
7fcea402f000-7fcea4030000 r--p 00011000 08:04 8934532                    /usr/lib/jvm/java-11-openjdk-amd64/lib/libnio.so
7fcea4030000-7fcea4031000 rw-p 00012000 08:04 8934532                    /usr/lib/jvm/java-11-openjdk-amd64/lib/libnio.so
7fcea4031000-7fcea40f6000 rw-p 00000000 00:00 0 
7fcea40f6000-7fcea40f7000 ---p 00000000 00:00 0 
7fcea40f7000-7fcea41f8000 rw-p 00000000 00:00 0 
7fcea41f8000-7fcea41f9000 ---p 00000000 00:00 0 
7fcea41f9000-7fcea46fe000 rw-p 00000000 00:00 0 
7fcea46fe000-7fcea46ff000 ---p 00000000 00:00 0 
7fcea46ff000-7fcea4800000 rw-p 00000000 00:00 0 
7fcea4800000-7fcea4801000 ---p 00000000 00:00 0 
7fcea4801000-7fcea4942000 rw-p 00000000 00:00 0 
7fcea4942000-7fcea57da000 ---p 00000000 00:00 0 
7fcea57da000-7fcea57fa000 rw-p 00000000 00:00 0 
7fcea57fa000-7fcea6692000 ---p 00000000 00:00 0 
7fcea6692000-7fcea6696000 rw-p 00000000 00:00 0 
7fcea6696000-7fcea6869000 ---p 00000000 00:00 0 
7fcea6869000-7fcea686d000 rw-p 00000000 00:00 0 
7fcea686d000-7fcea6a40000 ---p 00000000 00:00 0 
7fcea6a40000-7fcea6a44000 rw-p 00000000 00:00 0 
7fcea6a44000-7fcea6c17000 ---p 00000000 00:00 0 
7fcea6c17000-7fcea701b000 rw-p 00000000 00:00 0 
7fcea701b000-7fcea701c000 ---p 00000000 00:00 0 
7fcea701c000-7fcea7122000 rw-p 00000000 00:00 0 
7fcea7122000-7fcea7208000 ---p 00000000 00:00 0 
7fcea7208000-7fcea720d000 rw-p 00000000 00:00 0 
7fcea720d000-7fcea72f3000 ---p 00000000 00:00 0 
7fcea72f3000-7fcea72f8000 rw-p 00000000 00:00 0 
7fcea72f8000-7fcea72ff000 ---p 00000000 00:00 0 
7fcea72ff000-7fcea7301000 r--s 0000c000 08:04 9705041                    /usr/share/java/java-atk-wrapper.jar
7fcea7301000-7fcea7304000 r--p 00000000 08:04 8913020                    /usr/lib/x86_64-linux-gnu/libnss_files-2.31.so
7fcea7304000-7fcea730b000 r-xp 00003000 08:04 8913020                    /usr/lib/x86_64-linux-gnu/libnss_files-2.31.so
7fcea730b000-7fcea730d000 r--p 0000a000 08:04 8913020                    /usr/lib/x86_64-linux-gnu/libnss_files-2.31.so
7fcea730d000-7fcea730e000 r--p 0000b000 08:04 8913020                    /usr/lib/x86_64-linux-gnu/libnss_files-2.31.so
7fcea730e000-7fcea730f000 rw-p 0000c000 08:04 8913020                    /usr/lib/x86_64-linux-gnu/libnss_files-2.31.so
7fcea730f000-7fcea7315000 rw-p 00000000 00:00 0 
7fcea7316000-7fcea7318000 r--p 00000000 08:04 8934541                    /usr/lib/jvm/java-11-openjdk-amd64/lib/libzip.so
7fcea7318000-7fcea731d000 r-xp 00002000 08:04 8934541                    /usr/lib/jvm/java-11-openjdk-amd64/lib/libzip.so
7fcea731d000-7fcea731f000 r--p 00007000 08:04 8934541                    /usr/lib/jvm/java-11-openjdk-amd64/lib/libzip.so
7fcea731f000-7fcea7320000 r--p 00008000 08:04 8934541                    /usr/lib/jvm/java-11-openjdk-amd64/lib/libzip.so
7fcea7320000-7fcea7321000 rw-p 00009000 08:04 8934541                    /usr/lib/jvm/java-11-openjdk-amd64/lib/libzip.so
7fcea7321000-7fcea7329000 rw-s 00000000 08:04 14694696                   /tmp/hsperfdata_aloui/127498
7fcea7329000-7fcea732b000 r--p 00000000 08:04 8934523                    /usr/lib/jvm/java-11-openjdk-amd64/lib/libjimage.so
7fcea732b000-7fcea732e000 r-xp 00002000 08:04 8934523                    /usr/lib/jvm/java-11-openjdk-amd64/lib/libjimage.so
7fcea732e000-7fcea732f000 r--p 00005000 08:04 8934523                    /usr/lib/jvm/java-11-openjdk-amd64/lib/libjimage.so
7fcea732f000-7fcea7330000 ---p 00006000 08:04 8934523                    /usr/lib/jvm/java-11-openjdk-amd64/lib/libjimage.so
7fcea7330000-7fcea7331000 r--p 00006000 08:04 8934523                    /usr/lib/jvm/java-11-openjdk-amd64/lib/libjimage.so
7fcea7331000-7fcea7332000 rw-p 00007000 08:04 8934523                    /usr/lib/jvm/java-11-openjdk-amd64/lib/libjimage.so
7fcea7332000-7fcea7340000 r--p 00000000 08:04 8934520                    /usr/lib/jvm/java-11-openjdk-amd64/lib/libjava.so
7fcea7340000-7fcea7356000 r-xp 0000e000 08:04 8934520                    /usr/lib/jvm/java-11-openjdk-amd64/lib/libjava.so
7fcea7356000-7fcea735d000 r--p 00024000 08:04 8934520                    /usr/lib/jvm/java-11-openjdk-amd64/lib/libjava.so
7fcea735d000-7fcea735e000 r--p 0002a000 08:04 8934520                    /usr/lib/jvm/java-11-openjdk-amd64/lib/libjava.so
7fcea735e000-7fcea735f000 rw-p 0002b000 08:04 8934520                    /usr/lib/jvm/java-11-openjdk-amd64/lib/libjava.so
7fcea735f000-7fcea7360000 rw-p 00000000 00:00 0 
7fcea7360000-7fcea7362000 r--p 00000000 08:04 8913073                    /usr/lib/x86_64-linux-gnu/librt-2.31.so
7fcea7362000-7fcea7366000 r-xp 00002000 08:04 8913073                    /usr/lib/x86_64-linux-gnu/librt-2.31.so
7fcea7366000-7fcea7368000 r--p 00006000 08:04 8913073                    /usr/lib/x86_64-linux-gnu/librt-2.31.so
7fcea7368000-7fcea7369000 r--p 00007000 08:04 8913073                    /usr/lib/x86_64-linux-gnu/librt-2.31.so
7fcea7369000-7fcea736a000 rw-p 00008000 08:04 8913073                    /usr/lib/x86_64-linux-gnu/librt-2.31.so
7fcea736a000-7fcea736e000 ---p 00000000 00:00 0 
7fcea736e000-7fcea746b000 rw-p 00000000 00:00 0 
7fcea746b000-7fcea746e000 r--p 00000000 08:04 8919275                    /usr/lib/x86_64-linux-gnu/libgcc_s.so.1
7fcea746e000-7fcea7480000 r-xp 00003000 08:04 8919275                    /usr/lib/x86_64-linux-gnu/libgcc_s.so.1
7fcea7480000-7fcea7484000 r--p 00015000 08:04 8919275                    /usr/lib/x86_64-linux-gnu/libgcc_s.so.1
7fcea7484000-7fcea7485000 r--p 00018000 08:04 8919275                    /usr/lib/x86_64-linux-gnu/libgcc_s.so.1
7fcea7485000-7fcea7486000 rw-p 00019000 08:04 8919275                    /usr/lib/x86_64-linux-gnu/libgcc_s.so.1
7fcea7486000-7fcea7493000 r--p 00000000 08:04 8912997                    /usr/lib/x86_64-linux-gnu/libm-2.31.so
7fcea7493000-7fcea753a000 r-xp 0000d000 08:04 8912997                    /usr/lib/x86_64-linux-gnu/libm-2.31.so
7fcea753a000-7fcea75d3000 r--p 000b4000 08:04 8912997                    /usr/lib/x86_64-linux-gnu/libm-2.31.so
7fcea75d3000-7fcea75d4000 r--p 0014c000 08:04 8912997                    /usr/lib/x86_64-linux-gnu/libm-2.31.so
7fcea75d4000-7fcea75d5000 rw-p 0014d000 08:04 8912997                    /usr/lib/x86_64-linux-gnu/libm-2.31.so
7fcea75d5000-7fcea766b000 r--p 00000000 08:04 8920078                    /usr/lib/x86_64-linux-gnu/libstdc++.so.6.0.28
7fcea766b000-7fcea775c000 r-xp 00096000 08:04 8920078                    /usr/lib/x86_64-linux-gnu/libstdc++.so.6.0.28
7fcea775c000-7fcea77a5000 r--p 00187000 08:04 8920078                    /usr/lib/x86_64-linux-gnu/libstdc++.so.6.0.28
7fcea77a5000-7fcea77a6000 ---p 001d0000 08:04 8920078                    /usr/lib/x86_64-linux-gnu/libstdc++.so.6.0.28
7fcea77a6000-7fcea77b1000 r--p 001d0000 08:04 8920078                    /usr/lib/x86_64-linux-gnu/libstdc++.so.6.0.28
7fcea77b1000-7fcea77b4000 rw-p 001db000 08:04 8920078                    /usr/lib/x86_64-linux-gnu/libstdc++.so.6.0.28
7fcea77b4000-7fcea77b7000 rw-p 00000000 00:00 0 
7fcea77b7000-7fcea7a39000 r--p 00000000 08:04 8934547                    /usr/lib/jvm/java-11-openjdk-amd64/lib/server/libjvm.so
7fcea7a39000-7fcea86c2000 r-xp 00282000 08:04 8934547                    /usr/lib/jvm/java-11-openjdk-amd64/lib/server/libjvm.so
7fcea86c2000-7fcea891f000 r--p 00f0b000 08:04 8934547                    /usr/lib/jvm/java-11-openjdk-amd64/lib/server/libjvm.so
7fcea891f000-7fcea8920000 ---p 01168000 08:04 8934547                    /usr/lib/jvm/java-11-openjdk-amd64/lib/server/libjvm.so
7fcea8920000-7fcea89e4000 r--p 01168000 08:04 8934547                    /usr/lib/jvm/java-11-openjdk-amd64/lib/server/libjvm.so
7fcea89e4000-7fcea8a1f000 rw-p 0122c000 08:04 8934547                    /usr/lib/jvm/java-11-openjdk-amd64/lib/server/libjvm.so
7fcea8a1f000-7fcea8a78000 rw-p 00000000 00:00 0 
7fcea8a78000-7fcea8a7e000 r--p 00000000 08:04 8913047                    /usr/lib/x86_64-linux-gnu/libpthread-2.31.so
7fcea8a7e000-7fcea8a8f000 r-xp 00006000 08:04 8913047                    /usr/lib/x86_64-linux-gnu/libpthread-2.31.so
7fcea8a8f000-7fcea8a95000 r--p 00017000 08:04 8913047                    /usr/lib/x86_64-linux-gnu/libpthread-2.31.so
7fcea8a95000-7fcea8a96000 r--p 0001c000 08:04 8913047                    /usr/lib/x86_64-linux-gnu/libpthread-2.31.so
7fcea8a96000-7fcea8a97000 rw-p 0001d000 08:04 8913047                    /usr/lib/x86_64-linux-gnu/libpthread-2.31.so
7fcea8a97000-7fcea8a9b000 rw-p 00000000 00:00 0 
7fcea8a9b000-7fcea8a9c000 r--p 00000000 08:04 8912996                    /usr/lib/x86_64-linux-gnu/libdl-2.31.so
7fcea8a9c000-7fcea8a9e000 r-xp 00001000 08:04 8912996                    /usr/lib/x86_64-linux-gnu/libdl-2.31.so
7fcea8a9e000-7fcea8a9f000 r--p 00003000 08:04 8912996                    /usr/lib/x86_64-linux-gnu/libdl-2.31.so
7fcea8a9f000-7fcea8aa0000 r--p 00003000 08:04 8912996                    /usr/lib/x86_64-linux-gnu/libdl-2.31.so
7fcea8aa0000-7fcea8aa1000 rw-p 00004000 08:04 8912996                    /usr/lib/x86_64-linux-gnu/libdl-2.31.so
7fcea8aa1000-7fcea8aa3000 r--p 00000000 08:04 8913090                    /usr/lib/x86_64-linux-gnu/libz.so.1.2.11
7fcea8aa3000-7fcea8ab4000 r-xp 00002000 08:04 8913090                    /usr/lib/x86_64-linux-gnu/libz.so.1.2.11
7fcea8ab4000-7fcea8aba000 r--p 00013000 08:04 8913090                    /usr/lib/x86_64-linux-gnu/libz.so.1.2.11
7fcea8aba000-7fcea8abb000 ---p 00019000 08:04 8913090                    /usr/lib/x86_64-linux-gnu/libz.so.1.2.11
7fcea8abb000-7fcea8abc000 r--p 00019000 08:04 8913090                    /usr/lib/x86_64-linux-gnu/libz.so.1.2.11
7fcea8abc000-7fcea8abd000 rw-p 0001a000 08:04 8913090                    /usr/lib/x86_64-linux-gnu/libz.so.1.2.11
7fcea8abd000-7fcea8adf000 r--p 00000000 08:04 8912972                    /usr/lib/x86_64-linux-gnu/libc-2.31.so
7fcea8adf000-7fcea8c57000 r-xp 00022000 08:04 8912972                    /usr/lib/x86_64-linux-gnu/libc-2.31.so
7fcea8c57000-7fcea8ca5000 r--p 0019a000 08:04 8912972                    /usr/lib/x86_64-linux-gnu/libc-2.31.so
7fcea8ca5000-7fcea8ca9000 r--p 001e7000 08:04 8912972                    /usr/lib/x86_64-linux-gnu/libc-2.31.so
7fcea8ca9000-7fcea8cab000 rw-p 001eb000 08:04 8912972                    /usr/lib/x86_64-linux-gnu/libc-2.31.so
7fcea8cab000-7fcea8caf000 rw-p 00000000 00:00 0 
7fcea8caf000-7fcea8cb0000 ---p 00000000 00:00 0 
7fcea8cb0000-7fcea8cb1000 r--p 00000000 00:00 0 
7fcea8cb1000-7fcea8cb6000 r--p 00000000 08:04 8934540                    /usr/lib/jvm/java-11-openjdk-amd64/lib/libverify.so
7fcea8cb6000-7fcea8cbd000 r-xp 00005000 08:04 8934540                    /usr/lib/jvm/java-11-openjdk-amd64/lib/libverify.so
7fcea8cbd000-7fcea8cbf000 r--p 0000c000 08:04 8934540                    /usr/lib/jvm/java-11-openjdk-amd64/lib/libverify.so
7fcea8cbf000-7fcea8cc0000 ---p 0000e000 08:04 8934540                    /usr/lib/jvm/java-11-openjdk-amd64/lib/libverify.so
7fcea8cc0000-7fcea8cc2000 r--p 0000e000 08:04 8934540                    /usr/lib/jvm/java-11-openjdk-amd64/lib/libverify.so
7fcea8cc2000-7fcea8cc3000 rw-p 00010000 08:04 8934540                    /usr/lib/jvm/java-11-openjdk-amd64/lib/libverify.so
7fcea8cc3000-7fcea8cc6000 r--p 00000000 08:04 8934505                    /usr/lib/jvm/java-11-openjdk-amd64/lib/jli/libjli.so
7fcea8cc6000-7fcea8cd0000 r-xp 00003000 08:04 8934505                    /usr/lib/jvm/java-11-openjdk-amd64/lib/jli/libjli.so
7fcea8cd0000-7fcea8cd3000 r--p 0000d000 08:04 8934505                    /usr/lib/jvm/java-11-openjdk-amd64/lib/jli/libjli.so
7fcea8cd3000-7fcea8cd4000 ---p 00010000 08:04 8934505                    /usr/lib/jvm/java-11-openjdk-amd64/lib/jli/libjli.so
7fcea8cd4000-7fcea8cd5000 r--p 00010000 08:04 8934505                    /usr/lib/jvm/java-11-openjdk-amd64/lib/jli/libjli.so
7fcea8cd5000-7fcea8cd6000 rw-p 00011000 08:04 8934505                    /usr/lib/jvm/java-11-openjdk-amd64/lib/jli/libjli.so
7fcea8cd6000-7fcea8cd8000 rw-p 00000000 00:00 0 
7fcea8cd8000-7fcea8cd9000 r--p 00000000 08:04 8912960                    /usr/lib/x86_64-linux-gnu/ld-2.31.so
7fcea8cd9000-7fcea8cfc000 r-xp 00001000 08:04 8912960                    /usr/lib/x86_64-linux-gnu/ld-2.31.so
7fcea8cfc000-7fcea8d04000 r--p 00024000 08:04 8912960                    /usr/lib/x86_64-linux-gnu/ld-2.31.so
7fcea8d05000-7fcea8d06000 r--p 0002c000 08:04 8912960                    /usr/lib/x86_64-linux-gnu/ld-2.31.so
7fcea8d06000-7fcea8d07000 rw-p 0002d000 08:04 8912960                    /usr/lib/x86_64-linux-gnu/ld-2.31.so
7fcea8d07000-7fcea8d08000 rw-p 00000000 00:00 0 
7ffedf7c4000-7ffedf7e5000 rw-p 00000000 00:00 0                          [stack]
7ffedf7f3000-7ffedf7f7000 r--p 00000000 00:00 0                          [vvar]
7ffedf7f7000-7ffedf7f9000 r-xp 00000000 00:00 0                          [vdso]
ffffffffff600000-ffffffffff601000 --xp 00000000 00:00 0                  [vsyscall]


VM Arguments:
jvm_args: -Dapplication.home=/usr/lib/jvm/java-11-openjdk-amd64 --add-modules=ALL-DEFAULT -Xms8m -Djdk.module.main=jdk.compiler 
java_command: jdk.compiler/com.sun.tools.javac.Main Fenetre.java
java_class_path (initial): <not set>
Launcher Type: SUN_STANDARD

[Global flags]
     intx CICompilerCount                          = 3                                         {product} {ergonomic}
     uint ConcGCThreads                            = 1                                         {product} {ergonomic}
     uint G1ConcRefinementThreads                  = 4                                         {product} {ergonomic}
   size_t G1HeapRegionSize                         = 1048576                                   {product} {ergonomic}
    uintx GCDrainStackTargetSize                   = 64                                        {product} {ergonomic}
   size_t InitialHeapSize                          = 8388608                                   {product} {command line}
   size_t MarkStackSize                            = 4194304                                   {product} {ergonomic}
   size_t MaxHeapSize                              = 987758592                                 {product} {ergonomic}
   size_t MaxNewSize                               = 592445440                                 {product} {ergonomic}
   size_t MinHeapDeltaBytes                        = 1048576                                   {product} {ergonomic}
    uintx NonNMethodCodeHeapSize                   = 5830732                                {pd product} {ergonomic}
    uintx NonProfiledCodeHeapSize                  = 122913754                              {pd product} {ergonomic}
    uintx ProfiledCodeHeapSize                     = 122913754                              {pd product} {ergonomic}
    uintx ReservedCodeCacheSize                    = 251658240                              {pd product} {ergonomic}
     bool SegmentedCodeCache                       = true                                      {product} {ergonomic}
     bool UseCompressedClassPointers               = true                                 {lp64_product} {ergonomic}
     bool UseCompressedOops                        = true                                 {lp64_product} {ergonomic}
     bool UseG1GC                                  = true                                      {product} {ergonomic}

Logging:
Log output configuration:
 #0: stdout all=warning uptime,level,tags
 #1: stderr all=off uptime,level,tags

Environment Variables:
PATH=/usr/local/sbin:/usr/local/bin:/usr/sbin:/usr/bin:/sbin:/bin:/usr/games:/usr/local/games:/snap/bin
USERNAME=aloui
SHELL=/bin/bash
DISPLAY=:0
LANG=en_US.UTF-8
LC_NUMERIC=ar_TN.UTF-8
LC_TIME=ar_TN.UTF-8

Signal Handlers:
SIGSEGV: [libjvm.so+0xe97eb0], sa_mask[0]=11111111011111111101111111111110, sa_flags=SA_RESTART|SA_SIGINFO
SIGBUS: [libjvm.so+0xe97eb0], sa_mask[0]=11111111011111111101111111111110, sa_flags=SA_RESTART|SA_SIGINFO
SIGFPE: [libjvm.so+0xe97eb0], sa_mask[0]=11111111011111111101111111111110, sa_flags=SA_RESTART|SA_SIGINFO
SIGPIPE: [libjvm.so+0xbde850], sa_mask[0]=11111111011111111101111111111110, sa_flags=SA_RESTART|SA_SIGINFO
SIGXFSZ: [libjvm.so+0xbde850], sa_mask[0]=11111111011111111101111111111110, sa_flags=SA_RESTART|SA_SIGINFO
SIGILL: [libjvm.so+0xe97eb0], sa_mask[0]=11111111011111111101111111111110, sa_flags=SA_RESTART|SA_SIGINFO
SIGUSR2: [libjvm.so+0xbde6f0], sa_mask[0]=00000000000000000000000000000000, sa_flags=SA_RESTART|SA_SIGINFO
SIGHUP: [libjvm.so+0xbde9e0], sa_mask[0]=11111111011111111101111111111110, sa_flags=SA_RESTART|SA_SIGINFO
SIGINT: [libjvm.so+0xbde9e0], sa_mask[0]=11111111011111111101111111111110, sa_flags=SA_RESTART|SA_SIGINFO
SIGTERM: [libjvm.so+0xbde9e0], sa_mask[0]=11111111011111111101111111111110, sa_flags=SA_RESTART|SA_SIGINFO
SIGQUIT: [libjvm.so+0xbde9e0], sa_mask[0]=11111111011111111101111111111110, sa_flags=SA_RESTART|SA_SIGINFO


---------------  S Y S T E M  ---------------

OS:DISTRIB_ID=Ubuntu
DISTRIB_RELEASE=20.04
DISTRIB_CODENAME=focal
DISTRIB_DESCRIPTION="Ubuntu 20.04.5 LTS"
uname:Linux 5.15.0-58-generic #64~20.04.1-Ubuntu SMP Fri Jan 6 16:42:31 UTC 2023 x86_64
OS uptime: 2 days 23:17 hours
libc:glibc 2.31 NPTL 2.31 
rlimit (soft/hard): STACK 8192k/infinity , CORE 0k/infinity , NPROC 14745/14745 , NOFILE 1048576/1048576 , AS infinity/infinity , CPU infinity/infinity , DATA infinity/infinity , FSIZE infinity/infinity , MEMLOCK 65536k/65536k
load average:2.07 2.33 3.74

/proc/meminfo:
MemTotal:        3851780 kB
MemFree:          442492 kB
MemAvailable:    1493976 kB
Buffers:           58128 kB
Cached:          1436328 kB
SwapCached:       106700 kB
Active:          1105340 kB
Inactive:        1833288 kB
Active(anon):     262308 kB
Inactive(anon):  1474224 kB
Active(file):     843032 kB
Inactive(file):   359064 kB
Unevictable:      101064 kB
Mlocked:              48 kB
SwapTotal:       2097148 kB
SwapFree:        1221488 kB
Dirty:              2148 kB
Writeback:             0 kB
AnonPages:       1457964 kB
Mapped:           517624 kB
Shmem:            292360 kB
KReclaimable:     111320 kB
Slab:             221680 kB
SReclaimable:     111320 kB
SUnreclaim:       110360 kB
KernelStack:       15888 kB
PageTables:        37268 kB
NFS_Unstable:          0 kB
Bounce:                0 kB
WritebackTmp:          0 kB
CommitLimit:     4023036 kB
Committed_AS:   10024428 kB
VmallocTotal:   34359738367 kB
VmallocUsed:       41380 kB
VmallocChunk:          0 kB
Percpu:             3168 kB
HardwareCorrupted:     0 kB
AnonHugePages:         0 kB
ShmemHugePages:        0 kB
ShmemPmdMapped:        0 kB
FileHugePages:         0 kB
FilePmdMapped:         0 kB
HugePages_Total:       0
HugePages_Free:        0
HugePages_Rsvd:        0
HugePages_Surp:        0
Hugepagesize:       2048 kB
Hugetlb:               0 kB
DirectMap4k:      352268 kB
DirectMap2M:     3676160 kB
DirectMap1G:     1048576 kB

/sys/kernel/mm/transparent_hugepage/enabled:
always [madvise] never
/sys/kernel/mm/transparent_hugepage/defrag (defrag/compaction efforts parameter):
always defer defer+madvise [madvise] never

Process Memory:
Virtual Size: 3583320K (peak: 3648652K)
Resident Set Size: 38596K (peak: 38596K) (anon: 17496K, file: 21100K, shmem: 0K)
Swapped out: 0K
C-Heap outstanding allocations: 14241K, retained: 2238K
glibc malloc tunables: (default)

/proc/sys/kernel/threads-max (system-wide limit on the number of threads):
29490
/proc/sys/vm/max_map_count (maximum number of memory map areas a process may have):
65530
/proc/sys/kernel/pid_max (system-wide limit on number of process identifiers):
4194304

container (cgroup) information:
container_type: cgroupv1
cpu_cpuset_cpus: 0-3
cpu_memory_nodes: 0
active_processor_count: 4
cpu_quota: no quota
cpu_period: 100000
cpu_shares: no shares
memory_limit_in_bytes: unlimited
memory_and_swap_limit_in_bytes: unlimited
memory_soft_limit_in_bytes: unlimited
memory_usage_in_bytes: 2829132 k
memory_max_usage_in_bytes: 3411312 k
maximum number of tasks: unlimited
current number of tasks: 781

Steal ticks since vm start: 0
Steal ticks percentage since vm start:  0.000

CPU:total 4 (initial active 4) (2 cores per cpu, 2 threads per core) family 6 model 142 stepping 12 microcode 0xf0, cmov, cx8, fxsr, mmx, sse, sse2, sse3, ssse3, sse4.1, sse4.2, popcnt, avx, avx2, aes, clmul, erms, 3dnowpref, lzcnt, ht, tsc, tscinvbit, bmi1, bmi2, adx, fma
CPU Model and flags from /proc/cpuinfo:
model name	: Intel(R) Core(TM) i3-10110U CPU @ 2.10GHz
flags		: fpu vme de pse tsc msr pae mce cx8 apic sep mtrr pge mca cmov pat pse36 clflush dts acpi mmx fxsr sse sse2 ss ht tm pbe syscall nx pdpe1gb rdtscp lm constant_tsc art arch_perfmon pebs bts rep_good nopl xtopology nonstop_tsc cpuid aperfmperf pni pclmulqdq dtes64 monitor ds_cpl vmx est tm2 ssse3 sdbg fma cx16 xtpr pdcm pcid sse4_1 sse4_2 x2apic movbe popcnt tsc_deadline_timer aes xsave avx f16c rdrand lahf_lm abm 3dnowprefetch cpuid_fault epb invpcid_single ssbd ibrs ibpb stibp ibrs_enhanced tpr_shadow vnmi flexpriority ept vpid ept_ad fsgsbase tsc_adjust bmi1 avx2 smep bmi2 erms invpcid mpx rdseed adx smap clflushopt intel_pt xsaveopt xsavec xgetbv1 xsaves dtherm ida arat pln pts hwp hwp_notify hwp_act_window hwp_epp md_clear flush_l1d arch_capabilities
Online cpus:
0-3
Offline cpus:

BIOS frequency limitation:
<Not Available>
Frequency switch latency (ns):
0
Available cpu frequencies:
<Not Available>
Current governor:
powersave
Core performance/turbo boost:
<Not Available>

Memory: 4k page, physical 3851780k(442492k free), swap 2097148k(1221488k free)

vm_info: OpenJDK 64-Bit Server VM (11.0.17+8-post-Ubuntu-1ubuntu220.04) for linux-amd64 JRE (11.0.17+8-post-Ubuntu-1ubuntu220.04), built on Oct 25 2022 09:30:51 by "unknown" with gcc 9.4.0

END.
